gpgv: Signature made Wed Apr 12 02:54:34 2017 UTC
gpgv:                using RSA key
gpgv: Good signature from "Ubuntu Archive Automatic Signing Key (2012) <ftpmaster@ubuntu.com>"
gpgv: Signature made Wed Apr 12 02:54:34 2017 UTC
gpgv:                using RSA key
gpgv: Good signature from "Ubuntu Archive Automatic Signing Key (2012) <ftpmaster@ubuntu.com>"
dpkg: warning: parsing file '/var/lib/dpkg/status' near line 4 package 'dpkg':
 missing description
dpkg: warning: parsing file '/var/lib/dpkg/status' near line 4 package 'dpkg':
 missing maintainer
dpkg: warning: parsing file '/var/lib/dpkg/status' near line 4 package 'dpkg':
 missing architecture
Selecting previously unselected package base-passwd.
(Reading database ... 0 files and directories currently installed.)
Preparing to unpack .../base-passwd_3.5.43_arm64.deb ...
Unpacking base-passwd (3.5.43) ...
dpkg: base-passwd: dependency problems, but configuring anyway as you requested:
 base-passwd depends on libc6 (>= 2.17); however:
  Package libc6 is not installed.
 base-passwd depends on libdebconfclient0 (>= 0.145); however:
  Package libdebconfclient0 is not installed.

Setting up base-passwd (3.5.43) ...
dpkg: warning: parsing file '/var/lib/dpkg/status' near line 23 package 'dpkg':
 missing description
dpkg: warning: parsing file '/var/lib/dpkg/status' near line 23 package 'dpkg':
 missing maintainer
dpkg: warning: parsing file '/var/lib/dpkg/status' near line 23 package 'dpkg':
 missing architecture
Selecting previously unselected package base-files.
dpkg: regarding .../base-files_9.6ubuntu13_arm64.deb containing base-files, pre-dependency problem:
 base-files pre-depends on awk
  awk is not installed.

dpkg: warning: ignoring pre-dependency problem!
(Reading database ... 41 files and directories currently installed.)
Preparing to unpack .../base-files_9.6ubuntu13_arm64.deb ...
Unpacking base-files (9.6ubuntu13) ...
dpkg: base-files: dependency problems, but configuring anyway as you requested:
 base-files depends on awk; however:
  Package awk is not installed.
 base-files depends on init-system-helpers (>= 1.18~); however:
  Package init-system-helpers is not installed.

Setting up base-files (9.6ubuntu13) ...
dpkg: warning: parsing file '/var/lib/dpkg/status' near line 58 package 'dpkg':
 missing description
dpkg: warning: parsing file '/var/lib/dpkg/status' near line 58 package 'dpkg':
 missing maintainer
dpkg: warning: parsing file '/var/lib/dpkg/status' near line 58 package 'dpkg':
 missing architecture
dpkg: regarding .../dpkg_1.18.10ubuntu2_arm64.deb containing dpkg, pre-dependency problem:
 dpkg pre-depends on libbz2-1.0
  libbz2-1.0 is not installed.

dpkg: warning: ignoring pre-dependency problem!
dpkg: regarding .../dpkg_1.18.10ubuntu2_arm64.deb containing dpkg, pre-dependency problem:
 dpkg pre-depends on libc6 (>= 2.17)
  libc6 is not installed.

dpkg: warning: ignoring pre-dependency problem!
dpkg: regarding .../dpkg_1.18.10ubuntu2_arm64.deb containing dpkg, pre-dependency problem:
 dpkg pre-depends on liblzma5 (>= 5.2.2)
  liblzma5 is not installed.

dpkg: warning: ignoring pre-dependency problem!
dpkg: regarding .../dpkg_1.18.10ubuntu2_arm64.deb containing dpkg, pre-dependency problem:
 dpkg pre-depends on libselinux1 (>= 2.3)
  libselinux1 is not installed.

dpkg: warning: ignoring pre-dependency problem!
dpkg: regarding .../dpkg_1.18.10ubuntu2_arm64.deb containing dpkg, pre-dependency problem:
 dpkg pre-depends on zlib1g (>= 1:1.1.4)
  zlib1g is not installed.

dpkg: warning: ignoring pre-dependency problem!
dpkg: regarding .../dpkg_1.18.10ubuntu2_arm64.deb containing dpkg, pre-dependency problem:
 dpkg pre-depends on tar (>= 1.23)
  tar is not installed.

dpkg: warning: ignoring pre-dependency problem!
(Reading database ... 131 files and directories currently installed.)
Preparing to unpack .../dpkg_1.18.10ubuntu2_arm64.deb ...
Unpacking dpkg (1.18.10ubuntu2) over (1.18.10ubuntu2) ...
dpkg: dpkg: dependency problems, but configuring anyway as you requested:
 dpkg depends on libbz2-1.0; however:
  Package libbz2-1.0 is not installed.
 dpkg depends on libc6 (>= 2.17); however:
  Package libc6 is not installed.
 dpkg depends on liblzma5 (>= 5.2.2); however:
  Package liblzma5 is not installed.
 dpkg depends on libselinux1 (>= 2.3); however:
  Package libselinux1 is not installed.
 dpkg depends on zlib1g (>= 1:1.1.4); however:
  Package zlib1g is not installed.
 dpkg depends on tar (>= 1.23); however:
  Package tar is not installed.
 dpkg depends on tar (>= 1.28-1); however:
  Package tar is not installed.

Setting up dpkg (1.18.10ubuntu2) ...
Selecting previously unselected package libc6:arm64.
(Reading database ... 396 files and directories currently installed.)
Preparing to unpack .../libc6_2.24-9ubuntu2_arm64.deb ...
Unpacking libc6:arm64 (2.24-9ubuntu2) ...
dpkg: libc6:arm64: dependency problems, but configuring anyway as you requested:
 libc6:arm64 depends on libgcc1; however:
  Package libgcc1 is not installed.

Setting up libc6:arm64 (2.24-9ubuntu2) ...
Selecting previously unselected package perl-base.
(Reading database ... 710 files and directories currently installed.)
Preparing to unpack .../perl-base_5.24.1-2ubuntu1_arm64.deb ...
Unpacking perl-base (5.24.1-2ubuntu1) ...
Setting up perl-base (5.24.1-2ubuntu1) ...
Selecting previously unselected package mawk.
(Reading database ... 1342 files and directories currently installed.)
Preparing to unpack .../mawk_1.3.3-17ubuntu2_arm64.deb ...
Unpacking mawk (1.3.3-17ubuntu2) ...
Setting up mawk (1.3.3-17ubuntu2) ...
(Reading database ... 1360 files and directories currently installed.)
Preparing to unpack .../base-files_9.6ubuntu13_arm64.deb ...
Unpacking base-files (9.6ubuntu13) over (9.6ubuntu13) ...
Preparing to unpack .../base-passwd_3.5.43_arm64.deb ...
Unpacking base-passwd (3.5.43) over (3.5.43) ...
Selecting previously unselected package bash.
dpkg: regarding .../bash_4.4-2ubuntu1_arm64.deb containing bash, pre-dependency problem:
 bash pre-depends on dash (>= 0.5.5.1-2.2)
  dash is not installed.

dpkg: warning: ignoring pre-dependency problem!
dpkg: regarding .../bash_4.4-2ubuntu1_arm64.deb containing bash, pre-dependency problem:
 bash pre-depends on libtinfo5 (>= 6)
  libtinfo5 is not installed.

dpkg: warning: ignoring pre-dependency problem!
Preparing to unpack .../bash_4.4-2ubuntu1_arm64.deb ...
Unpacking bash (4.4-2ubuntu1) ...
Selecting previously unselected package bsdutils.
dpkg: regarding .../bsdutils_1%3a2.29-1ubuntu2_arm64.deb containing bsdutils, pre-dependency problem:
 bsdutils pre-depends on libsystemd0
  libsystemd0 is not installed.

dpkg: warning: ignoring pre-dependency problem!
Preparing to unpack .../bsdutils_1%3a2.29-1ubuntu2_arm64.deb ...
Unpacking bsdutils (1:2.29-1ubuntu2) ...
Selecting previously unselected package coreutils.
dpkg: regarding .../coreutils_8.26-3ubuntu3_arm64.deb containing coreutils, pre-dependency problem:
 coreutils pre-depends on libacl1 (>= 2.2.51-8)
  libacl1 is not installed.

dpkg: warning: ignoring pre-dependency problem!
dpkg: regarding .../coreutils_8.26-3ubuntu3_arm64.deb containing coreutils, pre-dependency problem:
 coreutils pre-depends on libattr1 (>= 1:2.4.46-8)
  libattr1 is not installed.

dpkg: warning: ignoring pre-dependency problem!
dpkg: regarding .../coreutils_8.26-3ubuntu3_arm64.deb containing coreutils, pre-dependency problem:
 coreutils pre-depends on libselinux1 (>= 2.1.13)
  libselinux1 is not installed.

dpkg: warning: ignoring pre-dependency problem!
Preparing to unpack .../coreutils_8.26-3ubuntu3_arm64.deb ...
Unpacking coreutils (8.26-3ubuntu3) ...
Selecting previously unselected package dash.
Preparing to unpack .../dash_0.5.8-2.3ubuntu1_arm64.deb ...
Adding 'diversion of /bin/sh to /bin/sh.distrib by dash'
Adding 'diversion of /usr/share/man/man1/sh.1.gz to /usr/share/man/man1/sh.distrib.1.gz by dash'
Unpacking dash (0.5.8-2.3ubuntu1) ...
Selecting previously unselected package debconf.
Preparing to unpack .../debconf_1.5.59ubuntu1_all.deb ...
Unpacking debconf (1.5.59ubuntu1) ...
Selecting previously unselected package debianutils.
Preparing to unpack .../debianutils_4.8.1_arm64.deb ...
Unpacking debianutils (4.8.1) ...
Selecting previously unselected package diffutils.
Preparing to unpack .../diffutils_1%3a3.5-3_arm64.deb ...
Unpacking diffutils (1:3.5-3) ...
dpkg: regarding .../dpkg_1.18.10ubuntu2_arm64.deb containing dpkg, pre-dependency problem:
 dpkg pre-depends on libbz2-1.0
  libbz2-1.0 is not installed.

dpkg: warning: ignoring pre-dependency problem!
dpkg: regarding .../dpkg_1.18.10ubuntu2_arm64.deb containing dpkg, pre-dependency problem:
 dpkg pre-depends on liblzma5 (>= 5.2.2)
  liblzma5 is not installed.

dpkg: warning: ignoring pre-dependency problem!
dpkg: regarding .../dpkg_1.18.10ubuntu2_arm64.deb containing dpkg, pre-dependency problem:
 dpkg pre-depends on libselinux1 (>= 2.3)
  libselinux1 is not installed.

dpkg: warning: ignoring pre-dependency problem!
dpkg: regarding .../dpkg_1.18.10ubuntu2_arm64.deb containing dpkg, pre-dependency problem:
 dpkg pre-depends on zlib1g (>= 1:1.1.4)
  zlib1g is not installed.

dpkg: warning: ignoring pre-dependency problem!
dpkg: regarding .../dpkg_1.18.10ubuntu2_arm64.deb containing dpkg, pre-dependency problem:
 dpkg pre-depends on tar (>= 1.23)
  tar is not installed.

dpkg: warning: ignoring pre-dependency problem!
Preparing to unpack .../dpkg_1.18.10ubuntu2_arm64.deb ...
Unpacking dpkg (1.18.10ubuntu2) over (1.18.10ubuntu2) ...
Selecting previously unselected package e2fslibs:arm64.
Preparing to unpack .../e2fslibs_1.43.4-2_arm64.deb ...
Unpacking e2fslibs:arm64 (1.43.4-2) ...
Selecting previously unselected package e2fsprogs.
dpkg: regarding .../e2fsprogs_1.43.4-2_arm64.deb containing e2fsprogs, pre-dependency problem:
 e2fsprogs pre-depends on e2fslibs (= 1.43.4-2)
  e2fslibs:arm64 is unpacked, but has never been configured.

dpkg: warning: ignoring pre-dependency problem!
dpkg: regarding .../e2fsprogs_1.43.4-2_arm64.deb containing e2fsprogs, pre-dependency problem:
 e2fsprogs pre-depends on libblkid1 (>= 2.17.2)
  libblkid1 is not installed.

dpkg: warning: ignoring pre-dependency problem!
dpkg: regarding .../e2fsprogs_1.43.4-2_arm64.deb containing e2fsprogs, pre-dependency problem:
 e2fsprogs pre-depends on libcomerr2 (>= 1.42~WIP-2011-10-05-1)
  libcomerr2 is not installed.

dpkg: warning: ignoring pre-dependency problem!
dpkg: regarding .../e2fsprogs_1.43.4-2_arm64.deb containing e2fsprogs, pre-dependency problem:
 e2fsprogs pre-depends on libss2 (>= 1.34-1)
  libss2 is not installed.

dpkg: warning: ignoring pre-dependency problem!
dpkg: regarding .../e2fsprogs_1.43.4-2_arm64.deb containing e2fsprogs, pre-dependency problem:
 e2fsprogs pre-depends on libuuid1 (>= 2.16)
  libuuid1 is not installed.

dpkg: warning: ignoring pre-dependency problem!
dpkg: regarding .../e2fsprogs_1.43.4-2_arm64.deb containing e2fsprogs, pre-dependency problem:
 e2fsprogs pre-depends on util-linux (>= 2.15~rc1-1)
  util-linux is not installed.

dpkg: warning: ignoring pre-dependency problem!
Preparing to unpack .../e2fsprogs_1.43.4-2_arm64.deb ...
Unpacking e2fsprogs (1.43.4-2) ...
Selecting previously unselected package findutils.
dpkg: regarding .../findutils_4.6.0+git+20161106-2_arm64.deb containing findutils, pre-dependency problem:
 findutils pre-depends on libselinux1 (>= 1.32)
  libselinux1 is not installed.

dpkg: warning: ignoring pre-dependency problem!
Preparing to unpack .../findutils_4.6.0+git+20161106-2_arm64.deb ...
Unpacking findutils (4.6.0+git+20161106-2) ...
Selecting previously unselected package gcc-6-base:arm64.
Preparing to unpack .../gcc-6-base_6.3.0-12ubuntu2_arm64.deb ...
Unpacking gcc-6-base:arm64 (6.3.0-12ubuntu2) ...
Selecting previously unselected package grep.
dpkg: regarding .../archives/grep_2.27-2_arm64.deb containing grep, pre-dependency problem:
 grep pre-depends on libpcre3
  libpcre3 is not installed.

dpkg: warning: ignoring pre-dependency problem!
Preparing to unpack .../archives/grep_2.27-2_arm64.deb ...
Unpacking grep (2.27-2) ...
Selecting previously unselected package gzip.
Preparing to unpack .../gzip_1.6-4ubuntu1_arm64.deb ...
Unpacking gzip (1.6-4ubuntu1) ...
Selecting previously unselected package hostname.
Preparing to unpack .../hostname_3.18_arm64.deb ...
Unpacking hostname (3.18) ...
Selecting previously unselected package init-system-helpers.
Preparing to unpack .../init-system-helpers_1.47_all.deb ...
Unpacking init-system-helpers (1.47) ...
Selecting previously unselected package libacl1:arm64.
Preparing to unpack .../libacl1_2.2.52-3_arm64.deb ...
Unpacking libacl1:arm64 (2.2.52-3) ...
Selecting previously unselected package libattr1:arm64.
dpkg: regarding .../libattr1_1%3a2.4.47-2_arm64.deb containing libattr1:arm64, pre-dependency problem:
 libattr1 pre-depends on multiarch-support
  multiarch-support is not installed.

dpkg: warning: ignoring pre-dependency problem!
Preparing to unpack .../libattr1_1%3a2.4.47-2_arm64.deb ...
Unpacking libattr1:arm64 (1:2.4.47-2) ...
Selecting previously unselected package libaudit-common.
Preparing to unpack .../libaudit-common_1%3a2.6.6-1ubuntu1_all.deb ...
Unpacking libaudit-common (1:2.6.6-1ubuntu1) ...
Selecting previously unselected package libaudit1:arm64.
Preparing to unpack .../libaudit1_1%3a2.6.6-1ubuntu1_arm64.deb ...
Unpacking libaudit1:arm64 (1:2.6.6-1ubuntu1) ...
Selecting previously unselected package libblkid1:arm64.
Preparing to unpack .../libblkid1_2.29-1ubuntu2_arm64.deb ...
Unpacking libblkid1:arm64 (2.29-1ubuntu2) ...
Selecting previously unselected package libbz2-1.0:arm64.
Preparing to unpack .../libbz2-1.0_1.0.6-8.1_arm64.deb ...
Unpacking libbz2-1.0:arm64 (1.0.6-8.1) ...
Selecting previously unselected package libc-bin.
Preparing to unpack .../libc-bin_2.24-9ubuntu2_arm64.deb ...
Unpacking libc-bin (2.24-9ubuntu2) ...
Preparing to unpack .../libc6_2.24-9ubuntu2_arm64.deb ...
Unpacking libc6:arm64 (2.24-9ubuntu2) over (2.24-9ubuntu2) ...
Selecting previously unselected package libcap-ng0:arm64.
Preparing to unpack .../libcap-ng0_0.7.7-3_arm64.deb ...
Unpacking libcap-ng0:arm64 (0.7.7-3) ...
Selecting previously unselected package libcomerr2:arm64.
Preparing to unpack .../libcomerr2_1.43.4-2_arm64.deb ...
Unpacking libcomerr2:arm64 (1.43.4-2) ...
Selecting previously unselected package libdb5.3:arm64.
Preparing to unpack .../libdb5.3_5.3.28-12_arm64.deb ...
Unpacking libdb5.3:arm64 (5.3.28-12) ...
Selecting previously unselected package libdebconfclient0:arm64.
Preparing to unpack .../libdebconfclient0_0.213ubuntu1_arm64.deb ...
Unpacking libdebconfclient0:arm64 (0.213ubuntu1) ...
Selecting previously unselected package libfdisk1:arm64.
Preparing to unpack .../libfdisk1_2.29-1ubuntu2_arm64.deb ...
Unpacking libfdisk1:arm64 (2.29-1ubuntu2) ...
Selecting previously unselected package libgcc1:arm64.
Preparing to unpack .../libgcc1_1%3a6.3.0-12ubuntu2_arm64.deb ...
Unpacking libgcc1:arm64 (1:6.3.0-12ubuntu2) ...
Selecting previously unselected package libgcrypt20:arm64.
Preparing to unpack .../libgcrypt20_1.7.6-1_arm64.deb ...
Unpacking libgcrypt20:arm64 (1.7.6-1) ...
Selecting previously unselected package libgpg-error0:arm64.
Preparing to unpack .../libgpg-error0_1.26-2_arm64.deb ...
Unpacking libgpg-error0:arm64 (1.26-2) ...
Selecting previously unselected package liblz4-1:arm64.
Preparing to unpack .../liblz4-1_0.0~r131-2ubuntu2_arm64.deb ...
Unpacking liblz4-1:arm64 (0.0~r131-2ubuntu2) ...
Selecting previously unselected package liblzma5:arm64.
Preparing to unpack .../liblzma5_5.2.2-1.2_arm64.deb ...
Unpacking liblzma5:arm64 (5.2.2-1.2) ...
Selecting previously unselected package libmount1:arm64.
Preparing to unpack .../libmount1_2.29-1ubuntu2_arm64.deb ...
Unpacking libmount1:arm64 (2.29-1ubuntu2) ...
Selecting previously unselected package libncurses5:arm64.
Preparing to unpack .../libncurses5_6.0+20160625-1ubuntu1_arm64.deb ...
Unpacking libncurses5:arm64 (6.0+20160625-1ubuntu1) ...
Selecting previously unselected package libncursesw5:arm64.
Preparing to unpack .../libncursesw5_6.0+20160625-1ubuntu1_arm64.deb ...
Unpacking libncursesw5:arm64 (6.0+20160625-1ubuntu1) ...
Selecting previously unselected package libpam-modules:arm64.
dpkg: regarding .../libpam-modules_1.1.8-3.2ubuntu2_arm64.deb containing libpam-modules:arm64, pre-dependency problem:
 libpam-modules pre-depends on libaudit1 (>= 1:2.2.1)
  libaudit1:arm64 is unpacked, but has never been configured.

dpkg: warning: ignoring pre-dependency problem!
dpkg: regarding .../libpam-modules_1.1.8-3.2ubuntu2_arm64.deb containing libpam-modules:arm64, pre-dependency problem:
 libpam-modules pre-depends on libdb5.3
  libdb5.3:arm64 is unpacked, but has never been configured.

dpkg: warning: ignoring pre-dependency problem!
dpkg: regarding .../libpam-modules_1.1.8-3.2ubuntu2_arm64.deb containing libpam-modules:arm64, pre-dependency problem:
 libpam-modules pre-depends on libpam0g (>= 1.1.3-2)
  libpam0g is not installed.

dpkg: warning: ignoring pre-dependency problem!
dpkg: regarding .../libpam-modules_1.1.8-3.2ubuntu2_arm64.deb containing libpam-modules:arm64, pre-dependency problem:
 libpam-modules pre-depends on libselinux1 (>= 2.1.9)
  libselinux1 is not installed.

dpkg: warning: ignoring pre-dependency problem!
dpkg: regarding .../libpam-modules_1.1.8-3.2ubuntu2_arm64.deb containing libpam-modules:arm64, pre-dependency problem:
 libpam-modules pre-depends on debconf (>= 0.5) | debconf-2.0
  debconf is unpacked, but has never been configured.
  debconf provides debconf-2.0 but is unpacked but not configured.

dpkg: warning: ignoring pre-dependency problem!
dpkg: regarding .../libpam-modules_1.1.8-3.2ubuntu2_arm64.deb containing libpam-modules:arm64, pre-dependency problem:
 libpam-modules pre-depends on libpam-modules-bin (= 1.1.8-3.2ubuntu2)
  libpam-modules-bin is not installed.

dpkg: warning: ignoring pre-dependency problem!
Preparing to unpack .../libpam-modules_1.1.8-3.2ubuntu2_arm64.deb ...
Unpacking libpam-modules:arm64 (1.1.8-3.2ubuntu2) ...
Selecting previously unselected package libpam-modules-bin.
Preparing to unpack .../libpam-modules-bin_1.1.8-3.2ubuntu2_arm64.deb ...
Unpacking libpam-modules-bin (1.1.8-3.2ubuntu2) ...
Selecting previously unselected package libpam-runtime.
Preparing to unpack .../libpam-runtime_1.1.8-3.2ubuntu2_all.deb ...
Unpacking libpam-runtime (1.1.8-3.2ubuntu2) ...
Selecting previously unselected package libpam0g:arm64.
Preparing to unpack .../libpam0g_1.1.8-3.2ubuntu2_arm64.deb ...
Unpacking libpam0g:arm64 (1.1.8-3.2ubuntu2) ...
Selecting previously unselected package libpcre3:arm64.
dpkg: regarding .../libpcre3_2%3a8.39-3_arm64.deb containing libpcre3:arm64, pre-dependency problem:
 libpcre3 pre-depends on multiarch-support
  multiarch-support is not installed.

dpkg: warning: ignoring pre-dependency problem!
Preparing to unpack .../libpcre3_2%3a8.39-3_arm64.deb ...
Unpacking libpcre3:arm64 (2:8.39-3) ...
Selecting previously unselected package libprocps6:arm64.
Preparing to unpack .../libprocps6_2%3a3.3.12-1ubuntu2_arm64.deb ...
Unpacking libprocps6:arm64 (2:3.3.12-1ubuntu2) ...
Selecting previously unselected package libselinux1:arm64.
Preparing to unpack .../libselinux1_2.6-3_arm64.deb ...
Unpacking libselinux1:arm64 (2.6-3) ...
Selecting previously unselected package libsemanage-common.
Preparing to unpack .../libsemanage-common_2.6-2_all.deb ...
Unpacking libsemanage-common (2.6-2) ...
Selecting previously unselected package libsemanage1:arm64.
Preparing to unpack .../libsemanage1_2.6-2_arm64.deb ...
Unpacking libsemanage1:arm64 (2.6-2) ...
Selecting previously unselected package libsepol1:arm64.
Preparing to unpack .../libsepol1_2.6-2_arm64.deb ...
Unpacking libsepol1:arm64 (2.6-2) ...
Selecting previously unselected package libsmartcols1:arm64.
Preparing to unpack .../libsmartcols1_2.29-1ubuntu2_arm64.deb ...
Unpacking libsmartcols1:arm64 (2.29-1ubuntu2) ...
Selecting previously unselected package libss2:arm64.
Preparing to unpack .../libss2_1.43.4-2_arm64.deb ...
Unpacking libss2:arm64 (1.43.4-2) ...
Selecting previously unselected package libsystemd0:arm64.
dpkg: regarding .../libsystemd0_232-21ubuntu2_arm64.deb containing libsystemd0:arm64, pre-dependency problem:
 libsystemd0 pre-depends on libgcrypt20 (>= 1.7.0)
  libgcrypt20:arm64 is unpacked, but has never been configured.

dpkg: warning: ignoring pre-dependency problem!
dpkg: regarding .../libsystemd0_232-21ubuntu2_arm64.deb containing libsystemd0:arm64, pre-dependency problem:
 libsystemd0 pre-depends on liblz4-1 (>= 0.0~r113)
  liblz4-1:arm64 is unpacked, but has never been configured.

dpkg: warning: ignoring pre-dependency problem!
dpkg: regarding .../libsystemd0_232-21ubuntu2_arm64.deb containing libsystemd0:arm64, pre-dependency problem:
 libsystemd0 pre-depends on liblzma5 (>= 5.1.1alpha+20120614)
  liblzma5:arm64 is unpacked, but has never been configured.

dpkg: warning: ignoring pre-dependency problem!
dpkg: regarding .../libsystemd0_232-21ubuntu2_arm64.deb containing libsystemd0:arm64, pre-dependency problem:
 libsystemd0 pre-depends on libselinux1 (>= 2.1.9)
  libselinux1:arm64 is unpacked, but has never been configured.

dpkg: warning: ignoring pre-dependency problem!
Preparing to unpack .../libsystemd0_232-21ubuntu2_arm64.deb ...
Unpacking libsystemd0:arm64 (232-21ubuntu2) ...
Selecting previously unselected package libtinfo5:arm64.
Preparing to unpack .../libtinfo5_6.0+20160625-1ubuntu1_arm64.deb ...
Unpacking libtinfo5:arm64 (6.0+20160625-1ubuntu1) ...
Selecting previously unselected package libudev1:arm64.
Preparing to unpack .../libudev1_232-21ubuntu2_arm64.deb ...
Unpacking libudev1:arm64 (232-21ubuntu2) ...
Selecting previously unselected package libustr-1.0-1:arm64.
Preparing to unpack .../libustr-1.0-1_1.0.4-6_arm64.deb ...
Unpacking libustr-1.0-1:arm64 (1.0.4-6) ...
Selecting previously unselected package libuuid1:arm64.
Preparing to unpack .../libuuid1_2.29-1ubuntu2_arm64.deb ...
Unpacking libuuid1:arm64 (2.29-1ubuntu2) ...
Selecting previously unselected package login.
dpkg: regarding .../login_1%3a4.2-3.2ubuntu1_arm64.deb containing login, pre-dependency problem:
 login pre-depends on libaudit1 (>= 1:2.2.1)
  libaudit1:arm64 is unpacked, but has never been configured.

dpkg: warning: ignoring pre-dependency problem!
dpkg: regarding .../login_1%3a4.2-3.2ubuntu1_arm64.deb containing login, pre-dependency problem:
 login pre-depends on libpam0g (>= 0.99.7.1)
  libpam0g:arm64 is unpacked, but has never been configured.

dpkg: warning: ignoring pre-dependency problem!
dpkg: regarding .../login_1%3a4.2-3.2ubuntu1_arm64.deb containing login, pre-dependency problem:
 login pre-depends on libpam-runtime
  libpam-runtime is unpacked, but has never been configured.

dpkg: warning: ignoring pre-dependency problem!
dpkg: regarding .../login_1%3a4.2-3.2ubuntu1_arm64.deb containing login, pre-dependency problem:
 login pre-depends on libpam-modules (>= 1.1.8-1)
  libpam-modules:arm64 is unpacked, but has never been configured.

dpkg: warning: ignoring pre-dependency problem!
Preparing to unpack .../login_1%3a4.2-3.2ubuntu1_arm64.deb ...
Unpacking login (1:4.2-3.2ubuntu1) ...
Selecting previously unselected package lsb-base.
Preparing to unpack .../lsb-base_9.20160110ubuntu5_all.deb ...
Unpacking lsb-base (9.20160110ubuntu5) ...
Preparing to unpack .../mawk_1.3.3-17ubuntu2_arm64.deb ...
Unpacking mawk (1.3.3-17ubuntu2) over (1.3.3-17ubuntu2) ...
Selecting previously unselected package mount.
dpkg: regarding .../mount_2.29-1ubuntu2_arm64.deb containing mount, pre-dependency problem:
 mount pre-depends on libblkid1 (>= 2.17.2)
  libblkid1:arm64 is unpacked, but has never been configured.

dpkg: warning: ignoring pre-dependency problem!
dpkg: regarding .../mount_2.29-1ubuntu2_arm64.deb containing mount, pre-dependency problem:
 mount pre-depends on libmount1 (>= 2.25)
  libmount1:arm64 is unpacked, but has never been configured.

dpkg: warning: ignoring pre-dependency problem!
dpkg: regarding .../mount_2.29-1ubuntu2_arm64.deb containing mount, pre-dependency problem:
 mount pre-depends on libsmartcols1 (>= 2.28~rc1)
  libsmartcols1:arm64 is unpacked, but has never been configured.

dpkg: warning: ignoring pre-dependency problem!
dpkg: regarding .../mount_2.29-1ubuntu2_arm64.deb containing mount, pre-dependency problem:
 mount pre-depends on libudev1 (>= 183)
  libudev1:arm64 is unpacked, but has never been configured.

dpkg: warning: ignoring pre-dependency problem!
Preparing to unpack .../mount_2.29-1ubuntu2_arm64.deb ...
Unpacking mount (2.29-1ubuntu2) ...
Selecting previously unselected package multiarch-support.
Preparing to unpack .../multiarch-support_2.24-9ubuntu2_arm64.deb ...
Unpacking multiarch-support (2.24-9ubuntu2) ...
Selecting previously unselected package ncurses-base.
Preparing to unpack .../ncurses-base_6.0+20160625-1ubuntu1_all.deb ...
Unpacking ncurses-base (6.0+20160625-1ubuntu1) ...
Selecting previously unselected package ncurses-bin.
dpkg: regarding .../ncurses-bin_6.0+20160625-1ubuntu1_arm64.deb containing ncurses-bin, pre-dependency problem:
 ncurses-bin pre-depends on libtinfo5 (>= 6.0+20151017)
  libtinfo5:arm64 is unpacked, but has never been configured.

dpkg: warning: ignoring pre-dependency problem!
dpkg: regarding .../ncurses-bin_6.0+20160625-1ubuntu1_arm64.deb containing ncurses-bin, pre-dependency problem:
 ncurses-bin pre-depends on libtinfo5 (<< 6.1~)
  libtinfo5:arm64 is unpacked, but has never been configured.

dpkg: warning: ignoring pre-dependency problem!
Preparing to unpack .../ncurses-bin_6.0+20160625-1ubuntu1_arm64.deb ...
Unpacking ncurses-bin (6.0+20160625-1ubuntu1) ...
Selecting previously unselected package passwd.
Preparing to unpack .../passwd_1%3a4.2-3.2ubuntu1_arm64.deb ...
Unpacking passwd (1:4.2-3.2ubuntu1) ...
Preparing to unpack .../perl-base_5.24.1-2ubuntu1_arm64.deb ...
Unpacking perl-base (5.24.1-2ubuntu1) over (5.24.1-2ubuntu1) ...
Selecting previously unselected package procps.
Preparing to unpack .../procps_2%3a3.3.12-1ubuntu2_arm64.deb ...
Unpacking procps (2:3.3.12-1ubuntu2) ...
Selecting previously unselected package sed.
dpkg: regarding .../archives/sed_4.4-1_arm64.deb containing sed, pre-dependency problem:
 sed pre-depends on libselinux1 (>= 1.32)
  libselinux1:arm64 is unpacked, but has never been configured.

dpkg: warning: ignoring pre-dependency problem!
Preparing to unpack .../archives/sed_4.4-1_arm64.deb ...
Unpacking sed (4.4-1) ...
Selecting previously unselected package sensible-utils.
Preparing to unpack .../sensible-utils_0.0.9_all.deb ...
Unpacking sensible-utils (0.0.9) ...
Selecting previously unselected package sysvinit-utils.
Preparing to unpack .../sysvinit-utils_2.88dsf-59.8git1_arm64.deb ...
Unpacking sysvinit-utils (2.88dsf-59.8git1) ...
Selecting previously unselected package tar.
dpkg: regarding .../tar_1.29b-1.1_arm64.deb containing tar, pre-dependency problem:
 tar pre-depends on libacl1 (>= 2.2.51-8)
  libacl1:arm64 is unpacked, but has never been configured.

dpkg: warning: ignoring pre-dependency problem!
dpkg: regarding .../tar_1.29b-1.1_arm64.deb containing tar, pre-dependency problem:
 tar pre-depends on libselinux1 (>= 1.32)
  libselinux1:arm64 is unpacked, but has never been configured.

dpkg: warning: ignoring pre-dependency problem!
Preparing to unpack .../tar_1.29b-1.1_arm64.deb ...
Unpacking tar (1.29b-1.1) ...
Selecting previously unselected package util-linux.
dpkg: regarding .../util-linux_2.29-1ubuntu2_arm64.deb containing util-linux, pre-dependency problem:
 util-linux pre-depends on libblkid1 (>= 2.25)
  libblkid1:arm64 is unpacked, but has never been configured.

dpkg: warning: ignoring pre-dependency problem!
dpkg: regarding .../util-linux_2.29-1ubuntu2_arm64.deb containing util-linux, pre-dependency problem:
 util-linux pre-depends on libfdisk1 (>= 2.29~rc2)
  libfdisk1:arm64 is unpacked, but has never been configured.

dpkg: warning: ignoring pre-dependency problem!
dpkg: regarding .../util-linux_2.29-1ubuntu2_arm64.deb containing util-linux, pre-dependency problem:
 util-linux pre-depends on libmount1 (>= 2.25)
  libmount1:arm64 is unpacked, but has never been configured.

dpkg: warning: ignoring pre-dependency problem!
dpkg: regarding .../util-linux_2.29-1ubuntu2_arm64.deb containing util-linux, pre-dependency problem:
 util-linux pre-depends on libncursesw5 (>= 6)
  libncursesw5:arm64 is unpacked, but has never been configured.

dpkg: warning: ignoring pre-dependency problem!
dpkg: regarding .../util-linux_2.29-1ubuntu2_arm64.deb containing util-linux, pre-dependency problem:
 util-linux pre-depends on libpam0g (>= 0.99.7.1)
  libpam0g:arm64 is unpacked, but has never been configured.

dpkg: warning: ignoring pre-dependency problem!
dpkg: regarding .../util-linux_2.29-1ubuntu2_arm64.deb containing util-linux, pre-dependency problem:
 util-linux pre-depends on libselinux1 (>= 2.6-3~)
  libselinux1:arm64 is unpacked, but has never been configured.

dpkg: warning: ignoring pre-dependency problem!
dpkg: regarding .../util-linux_2.29-1ubuntu2_arm64.deb containing util-linux, pre-dependency problem:
 util-linux pre-depends on libsmartcols1 (>= 2.28~rc1)
  libsmartcols1:arm64 is unpacked, but has never been configured.

dpkg: warning: ignoring pre-dependency problem!
dpkg: regarding .../util-linux_2.29-1ubuntu2_arm64.deb containing util-linux, pre-dependency problem:
 util-linux pre-depends on libsystemd0
  libsystemd0:arm64 is unpacked, but has never been configured.

dpkg: warning: ignoring pre-dependency problem!
dpkg: regarding .../util-linux_2.29-1ubuntu2_arm64.deb containing util-linux, pre-dependency problem:
 util-linux pre-depends on libtinfo5 (>= 6)
  libtinfo5:arm64 is unpacked, but has never been configured.

dpkg: warning: ignoring pre-dependency problem!
dpkg: regarding .../util-linux_2.29-1ubuntu2_arm64.deb containing util-linux, pre-dependency problem:
 util-linux pre-depends on libudev1 (>= 183)
  libudev1:arm64 is unpacked, but has never been configured.

dpkg: warning: ignoring pre-dependency problem!
dpkg: regarding .../util-linux_2.29-1ubuntu2_arm64.deb containing util-linux, pre-dependency problem:
 util-linux pre-depends on libuuid1 (>= 2.16)
  libuuid1:arm64 is unpacked, but has never been configured.

dpkg: warning: ignoring pre-dependency problem!
dpkg: regarding .../util-linux_2.29-1ubuntu2_arm64.deb containing util-linux, pre-dependency problem:
 util-linux pre-depends on zlib1g (>= 1:1.1.4)
  zlib1g is not installed.

dpkg: warning: ignoring pre-dependency problem!
Preparing to unpack .../util-linux_2.29-1ubuntu2_arm64.deb ...
Unpacking util-linux (2.29-1ubuntu2) ...
Selecting previously unselected package zlib1g:arm64.
Preparing to unpack .../zlib1g_1%3a1.2.11.dfsg-0ubuntu1_arm64.deb ...
Unpacking zlib1g:arm64 (1:1.2.11.dfsg-0ubuntu1) ...
Setting up gcc-6-base:arm64 (6.3.0-12ubuntu2) ...
Setting up lsb-base (9.20160110ubuntu5) ...
Setting up sensible-utils (0.0.9) ...
Setting up ncurses-base (6.0+20160625-1ubuntu1) ...
Setting up libsemanage-common (2.6-2) ...
Setting up libaudit-common (1:2.6.6-1ubuntu1) ...
Setting up libc6:arm64 (2.24-9ubuntu2) ...
Setting up libbz2-1.0:arm64 (1.0.6-8.1) ...
Setting up libgpg-error0:arm64 (1.26-2) ...
Setting up libc-bin (2.24-9ubuntu2) ...
Setting up libdebconfclient0:arm64 (0.213ubuntu1) ...
Setting up diffutils (1:3.5-3) ...
Setting up libcomerr2:arm64 (1.43.4-2) ...
Setting up libcap-ng0:arm64 (0.7.7-3) ...
Setting up libsepol1:arm64 (2.6-2) ...
Setting up libgcc1:arm64 (1:6.3.0-12ubuntu2) ...
Setting up libustr-1.0-1:arm64 (1.0.4-6) ...
Setting up libsmartcols1:arm64 (2.29-1ubuntu2) ...
Setting up libaudit1:arm64 (1:2.6.6-1ubuntu1) ...
Setting up libtinfo5:arm64 (6.0+20160625-1ubuntu1) ...
Setting up libudev1:arm64 (232-21ubuntu2) ...
Setting up libss2:arm64 (1.43.4-2) ...
Setting up liblzma5:arm64 (5.2.2-1.2) ...
Setting up base-passwd (3.5.43) ...
Setting up e2fslibs:arm64 (1.43.4-2) ...
Setting up liblz4-1:arm64 (0.0~r131-2ubuntu2) ...
Setting up debianutils (4.8.1) ...
Setting up libgcrypt20:arm64 (1.7.6-1) ...
Setting up libncursesw5:arm64 (6.0+20160625-1ubuntu1) ...
Setting up libdb5.3:arm64 (5.3.28-12) ...
Setting up zlib1g:arm64 (1:1.2.11.dfsg-0ubuntu1) ...
Setting up hostname (3.18) ...
Setting up multiarch-support (2.24-9ubuntu2) ...
Setting up mawk (1.3.3-17ubuntu2) ...
Setting up libpcre3:arm64 (2:8.39-3) ...
Setting up libselinux1:arm64 (2.6-3) ...
Setting up findutils (4.6.0+git+20161106-2) ...
Setting up ncurses-bin (6.0+20160625-1ubuntu1) ...
Setting up sed (4.4-1) ...
Setting up libncurses5:arm64 (6.0+20160625-1ubuntu1) ...
Setting up libattr1:arm64 (1:2.4.47-2) ...
Setting up libsystemd0:arm64 (232-21ubuntu2) ...
Setting up libprocps6:arm64 (2:3.3.12-1ubuntu2) ...
Setting up libsemanage1:arm64 (2.6-2) ...
Setting up libacl1:arm64 (2.2.52-3) ...
Setting up bsdutils (1:2.29-1ubuntu2) ...
Setting up coreutils (8.26-3ubuntu3) ...
Setting up tar (1.29b-1.1) ...
update-alternatives: using /usr/sbin/rmt-tar to provide /usr/sbin/rmt (rmt) in auto mode
Setting up dpkg (1.18.10ubuntu2) ...
Setting up perl-base (5.24.1-2ubuntu1) ...
Setting up grep (2.27-2) ...
Setting up debconf (1.5.59ubuntu1) ...
Setting up gzip (1.6-4ubuntu1) ...
Setting up dash (0.5.8-2.3ubuntu1) ...
Setting up init-system-helpers (1.47) ...
Setting up libpam0g:arm64 (1.1.8-3.2ubuntu2) ...
Setting up libpam-modules-bin (1.1.8-3.2ubuntu2) ...
Setting up procps (2:3.3.12-1ubuntu2) ...
update-alternatives: using /usr/bin/w.procps to provide /usr/bin/w (w) in auto mode
Setting up base-files (9.6ubuntu13) ...
Setting up libpam-modules:arm64 (1.1.8-3.2ubuntu2) ...
Setting up libpam-runtime (1.1.8-3.2ubuntu2) ...
Setting up bash (4.4-2ubuntu1) ...
update-alternatives: using /usr/share/man/man7/bash-builtins.7.gz to provide /usr/share/man/man7/builtins.7.gz (builtins.7.gz) in auto mode
Setting up passwd (1:4.2-3.2ubuntu1) ...
Shadow passwords are now on.
Setting up login (1:4.2-3.2ubuntu1) ...
Setting up libuuid1:arm64 (2.29-1ubuntu2) ...
Setting up libblkid1:arm64 (2.29-1ubuntu2) ...
Setting up libmount1:arm64 (2.29-1ubuntu2) ...
Setting up mount (2.29-1ubuntu2) ...
Setting up libfdisk1:arm64 (2.29-1ubuntu2) ...
Setting up util-linux (2.29-1ubuntu2) ...
update-alternatives: using /bin/more to provide /usr/bin/pager (pager) in auto mode
Setting up e2fsprogs (1.43.4-2) ...
Setting up sysvinit-utils (2.88dsf-59.8git1) ...
Processing triggers for libc-bin (2.24-9ubuntu2) ...
(Reading database ... 3548 files and directories currently installed.)
Preparing to unpack .../adduser_3.113+nmu3ubuntu5_all.deb ...
Unpacking adduser (3.113+nmu3ubuntu5) ...
Preparing to unpack .../apt/archives/apt_1.4_arm64.deb ...
Unpacking apt (1.4) ...
Preparing to unpack .../gnupg_2.1.15-1ubuntu7_arm64.deb ...
Unpacking gnupg (2.1.15-1ubuntu7) ...
Preparing to unpack .../gnupg-agent_2.1.15-1ubuntu7_arm64.deb ...
Unpacking gnupg-agent (2.1.15-1ubuntu7) ...
Preparing to unpack .../gpgv_2.1.15-1ubuntu7_arm64.deb ...
Unpacking gpgv (2.1.15-1ubuntu7) ...
Preparing to unpack .../libapt-pkg5.0_1.4_arm64.deb ...
Unpacking libapt-pkg5.0:arm64 (1.4) ...
Preparing to unpack .../libassuan0_2.4.3-2_arm64.deb ...
Unpacking libassuan0:arm64 (2.4.3-2) ...
Preparing to unpack .../libksba8_1.3.5-2_arm64.deb ...
Unpacking libksba8:arm64 (1.3.5-2) ...
Preparing to unpack .../libnpth0_1.3-1_arm64.deb ...
Unpacking libnpth0:arm64 (1.3-1) ...
Preparing to unpack .../libreadline7_7.0-0ubuntu2_arm64.deb ...
Unpacking libreadline7:arm64 (7.0-0ubuntu2) ...
Preparing to unpack .../libsqlite3-0_3.16.2-3_arm64.deb ...
Unpacking libsqlite3-0:arm64 (3.16.2-3) ...
Preparing to unpack .../libstdc++6_6.3.0-12ubuntu2_arm64.deb ...
Unpacking libstdc++6:arm64 (6.3.0-12ubuntu2) ...
Preparing to unpack .../pinentry-curses_1.0.0-2_arm64.deb ...
Unpacking pinentry-curses (1.0.0-2) ...
Preparing to unpack .../readline-common_7.0-0ubuntu2_all.deb ...
Unpacking readline-common (7.0-0ubuntu2) ...
Preparing to unpack .../ubuntu-keyring_2016.10.27_all.deb ...
Unpacking ubuntu-keyring (2016.10.27) ...
Processing triggers for libc-bin (2.24-9ubuntu2) ...
Setting up libnpth0:arm64 (1.3-1) ...
Setting up readline-common (7.0-0ubuntu2) ...
Setting up libreadline7:arm64 (7.0-0ubuntu2) ...
Setting up gpgv (2.1.15-1ubuntu7) ...
Setting up libksba8:arm64 (1.3.5-2) ...
Setting up libsqlite3-0:arm64 (3.16.2-3) ...
Setting up libstdc++6:arm64 (6.3.0-12ubuntu2) ...
Setting up adduser (3.113+nmu3ubuntu5) ...
Setting up libassuan0:arm64 (2.4.3-2) ...
Setting up ubuntu-keyring (2016.10.27) ...
Setting up libapt-pkg5.0:arm64 (1.4) ...
Setting up apt (1.4) ...
Setting up pinentry-curses (1.0.0-2) ...
Setting up gnupg-agent (2.1.15-1ubuntu7) ...
Setting up gnupg (2.1.15-1ubuntu7) ...
Processing triggers for libc-bin (2.24-9ubuntu2) ...
